2022-07-17 15:24:44 [INFO] Tasks程序启动 (/root/code/go/tasks/main.go:10 main.main)
2022-07-17 19:17:50 [ERROR] 科技玩家获取最新热讯出错：redis: invalid reply: "J\x00\x00\x00\n" (/root/code/go/tasks/kjwj/news.go:17 github.com/joewongex/tasks/kjwj.CheckLatestNews)
2022-07-17 19:18:23 [ERROR] 科技玩家获取最新热讯出错：redis: invalid reply: "J\x00\x00\x00\n" (/root/code/go/tasks/kjwj/news.go:17 github.com/joewongex/tasks/kjwj.CheckLatestNews)
2022-07-17 19:20:03 [FATAL] 创建Redis模块失败：redis: invalid reply: "J\x00\x00\x00\n" (/root/code/go/tasks/g/global.go:40 github.com/joewongex/tasks/g.init.0)
2022-07-17 19:21:03 [FATAL] 创建Redis模块失败：read: connection reset by peer (/root/code/go/tasks/g/global.go:40 github.com/joewongex/tasks/g.init.0)
2022-07-18 14:01:23 [FATAL] 创建Redis模块失败：read: connection reset by peer (/root/code/go/tasks/g/global.go:40 github.com/joewongex/tasks/g.init.0)
2022-07-18 14:03:12 [FATAL] 创建Redis模块失败：read: connection reset by peer (/root/code/go/tasks/g/global.go:40 github.com/joewongex/tasks/g.init.0)
2022-07-21 14:54:56 [INFO] 接收到终止信号，程序准备退出 (/root/code/go/tasks/main.go:29 main.main)
2022-07-21 14:54:56 [INFO] 程序已结束 (/root/code/go/tasks/main.go:33 main.main)
2022-07-21 14:55:48 [INFO] 程序开始执行 (/root/code/go/tasks/main.go:16 main.main)
2022-07-21 14:55:53 [INFO] 接收到终止信号，程序准备退出 (/root/code/go/tasks/main.go:30 main.main)
2022-07-21 14:55:53 [INFO] 程序已结束 (/root/code/go/tasks/main.go:34 main.main)
2022-07-21 18:52:13 [INFO] 程序开始执行 (/root/code/go/tasks/main.go:16 main.main)
2022-07-21 18:53:16 [INFO] 接收到终止信号，程序准备退出 (/root/code/go/tasks/main.go:30 main.main)
2022-07-21 18:53:16 [INFO] 程序已结束 (/root/code/go/tasks/main.go:34 main.main)
2022-07-21 18:53:22 [INFO] 程序开始执行 (/root/code/go/tasks/main.go:16 main.main)
2022-07-21 18:53:58 [INFO] 接收到终止信号，程序准备退出 (/root/code/go/tasks/main.go:30 main.main)
2022-07-21 18:53:58 [INFO] 程序已结束 (/root/code/go/tasks/main.go:34 main.main)
2022-07-21 19:13:05 [INFO] 程序开始执行 (/root/code/go/tasks/main.go:17 main.main)
2022-07-21 19:13:08 [ERROR] 测试错误信息 (/root/code/go/tasks/main.go:29 main.main.func2)
2022-07-21 19:13:24 [INFO] 接收到终止信号，程序准备退出 (/root/code/go/tasks/main.go:35 main.main)
2022-07-21 19:13:24 [INFO] 程序已结束 (/root/code/go/tasks/main.go:39 main.main)
